Csmi01
Your job-array 3702308.1-38:1 ("Hete.SA") has been submitted
Lve01
Your job-array 3702310.1-38:1 ("Hete.SA") has been submitted
Lgy01
Your job-array 3702311.1-38:1 ("Hete.SA") has been submitted
Lculp01
Your job-array 3702313.1-38:1 ("Hete.SA") has been submitted
bCth
Your job-array 3702314.1-38:1 ("Hete.SA") has been submitted
Sve313
Your job-array 3702316.1-38:1 ("Hete.SA") has been submitted
Sve315
Your job-array 3702318.1-38:1 ("Hete.SA") has been submitted
Sve338
Your job-array 3702319.1-38:1 ("Hete.SA") has been submitted
SV16082018
Your job-array 3702321.1-38:1 ("Hete.SA") has been submitted
Cbr404
Your job-array 3702322.1-38:1 ("Hete.SA") has been submitted
Cbr388
Your job-array 3702323.1-38:1 ("Hete.SA") has been submitted
Cbr383
Your job-array 3702325.1-38:1 ("Hete.SA") has been submitted
Cbr370
Your job-array 3702326.1-38:1 ("Hete.SA") has been submitted
bcbr05
Your job-array 3702327.1-38:1 ("Hete.SA") has been submitted
